# JRE version: Java(TM) SE Runtime Environment (7.0_40-b43) (build 1.7.0_40-b43)
# Java VM: Java HotSpot(TM) Client VM (24.0-b56 mixed mode windows-x86 )
Heap
 def new generation   total 6912K, used 767K [0x02b60000, 0x032e0000, 0x180b0000)
  eden space 6144K,   0% used [0x02b60000, 0x02b60000, 0x03160000)
  from space 768K,  99% used [0x03220000, 0x032dfff8, 0x032e0000)
  to   space 768K,   0% used [0x03160000, 0x03160000, 0x03220000)
 tenured generation   total 15444K, used 15357K [0x180b0000, 0x18fc5000, 0x42b60000)
   the space 15444K,  99% used [0x180b0000, 0x18faf410, 0x18faf600, 0x18fc5000)
 compacting perm gen  total 12288K, used 3561K [0x42b60000, 0x43760000, 0x46b60000)
   the space 12288K,  28% used [0x42b60000, 0x42eda550, 0x42eda600, 0x43760000)
GC Heap History (10 events):
Event: 1.655 GC heap after
Heap after GC invocations=17 (full 1):
 def new generation   total 6912K, used 768K [0x02b60000, 0x032e0000, 0x180b0000)
  eden space 6144K,   0% used [0x02b60000, 0x02b60000, 0x03160000)
  from space 768K, 100% used [0x03160000, 0x03220000, 0x03220000)
  to   space 768K,   0% used [0x03220000, 0x03220000, 0x032e0000)
 tenured generation   total 15188K, used 11632K [0x180b0000, 0x18f85000, 0x42b60000)
   the space 15188K,  76% used [0x180b0000, 0x18c0c330, 0x18c0c400, 0x18f85000)
 compacting perm gen  total 12288K, used 3561K [0x42b60000, 0x43760000, 0x46b60000)
   the space 12288K,  28% used [0x42b60000, 0x42eda540, 0x42eda600, 0x43760000)
No shared spaces configured.
}
Event: 1.740 GC heap before
{Heap before GC invocations=17 (full 1):
 def new generation   total 6912K, used 6912K [0x02b60000, 0x032e0000, 0x180b0000)
  eden space 6144K, 100% used [0x02b60000, 0x03160000, 0x03160000)
  from space 768K, 100% used [0x03160000, 0x03220000, 0x03220000)
  to   space 768K,   0% used [0x03220000, 0x03220000, 0x032e0000)
 tenured generation   total 15188K, used 11632K [0x180b0000, 0x18f85000, 0x42b60000)
   the space 15188K,  76% used [0x180b0000, 0x18c0c330, 0x18c0c400, 0x18f85000)
 compacting perm gen  total 12288K, used 3561K [0x42b60000, 0x43760000, 0x46b60000)
   the space 12288K,  28% used [0x42b60000, 0x42eda550, 0x42eda600, 0x43760000)
No shared spaces configured.
Event: 1.746 GC heap after
Heap after GC invocations=18 (full 1):
 def new generation   total 6912K, used 768K [0x02b60000, 0x032e0000, 0x180b0000)
  eden space 6144K,   0% used [0x02b60000, 0x02b60000, 0x03160000)
  from space 768K, 100% used [0x03220000, 0x032e0000, 0x032e0000)
  to   space 768K,   0% used [0x03160000, 0x03160000, 0x03220000)
 tenured generation   total 15188K, used 12443K [0x180b0000, 0x18f85000, 0x42b60000)
   the space 15188K,  81% used [0x180b0000, 0x18cd6f70, 0x18cd7000, 0x18f85000)
 compacting perm gen  total 12288K, used 3561K [0x42b60000, 0x43760000, 0x46b60000)
   the space 12288K,  28% used [0x42b60000, 0x42eda550, 0x42eda600, 0x43760000)
No shared spaces configured.
}
Event: 1.781 GC heap before
{Heap before GC invocations=18 (full 1):
 def new generation   total 6912K, used 6912K [0x02b60000, 0x032e0000, 0x180b0000)
  eden space 6144K, 100% used [0x02b60000, 0x03160000, 0x03160000)
  from space 768K, 100% used [0x03220000, 0x032e0000, 0x032e0000)
  to   space 768K,   0% used [0x03160000, 0x03160000, 0x03220000)
 tenured generation   total 15188K, used 12443K [0x180b0000, 0x18f85000, 0x42b60000)
   the space 15188K,  81% used [0x180b0000, 0x18cd6f70, 0x18cd7000, 0x18f85000)
 compacting perm gen  total 12288K, used 3561K [0x42b60000, 0x43760000, 0x46b60000)
   the space 12288K,  28% used [0x42b60000, 0x42eda550, 0x42eda600, 0x43760000)
No shared spaces configured.
Event: 1.785 GC heap after
Heap after GC invocations=19 (full 1):
 def new generation   total 6912K, used 768K [0x02b60000, 0x032e0000, 0x180b0000)
  eden space 6144K,   0% used [0x02b60000, 0x02b60000, 0x03160000)
  from space 768K, 100% used [0x03160000, 0x03220000, 0x03220000)
  to   space 768K,   0% used [0x03220000, 0x03220000, 0x032e0000)
 tenured generation   total 15188K, used 12689K [0x180b0000, 0x18f85000, 0x42b60000)
   the space 15188K,  83% used [0x180b0000, 0x18d146f8, 0x18d14800, 0x18f85000)
 compacting perm gen  total 12288K, used 3561K [0x42b60000, 0x43760000, 0x46b60000)
   the space 12288K,  28% used [0x42b60000, 0x42eda550, 0x42eda600, 0x43760000)
No shared spaces configured.
}
Event: 1.820 GC heap before
{Heap before GC invocations=19 (full 1):
 def new generation   total 6912K, used 6912K [0x02b60000, 0x032e0000, 0x180b0000)
  eden space 6144K, 100% used [0x02b60000, 0x03160000, 0x03160000)
  from space 768K, 100% used [0x03160000, 0x03220000, 0x03220000)
  to   space 768K,   0% used [0x03220000, 0x03220000, 0x032e0000)
 tenured generation   total 15188K, used 12689K [0x180b0000, 0x18f85000, 0x42b60000)
   the space 15188K,  83% used [0x180b0000, 0x18d146f8, 0x18d14800, 0x18f85000)
 compacting perm gen  total 12288K, used 3561K [0x42b60000, 0x43760000, 0x46b60000)
   the space 12288K,  28% used [0x42b60000, 0x42eda550, 0x42eda600, 0x43760000)
No shared spaces configured.
Event: 1.824 GC heap after
Heap after GC invocations=20 (full 1):
 def new generation   total 6912K, used 723K [0x02b60000, 0x032e0000, 0x180b0000)
  eden space 6144K,   0% used [0x02b60000, 0x02b60000, 0x03160000)
  from space 768K,  94% used [0x03220000, 0x032d4c78, 0x032e0000)
  to   space 768K,   0% used [0x03160000, 0x03160000, 0x03220000)
 tenured generation   total 15188K, used 13249K [0x180b0000, 0x18f85000, 0x42b60000)
   the space 15188K,  87% used [0x180b0000, 0x18da0768, 0x18da0800, 0x18f85000)
 compacting perm gen  total 12288K, used 3561K [0x42b60000, 0x43760000, 0x46b60000)
   the space 12288K,  28% used [0x42b60000, 0x42eda550, 0x42eda600, 0x43760000)
No shared spaces configured.
}
Event: 1.847 GC heap before
{Heap before GC invocations=20 (full 1):
 def new generation   total 6912K, used 6867K [0x02b60000, 0x032e0000, 0x180b0000)
  eden space 6144K, 100% used [0x02b60000, 0x03160000, 0x03160000)
  from space 768K,  94% used [0x03220000, 0x032d4c78, 0x032e0000)
  to   space 768K,   0% used [0x03160000, 0x03160000, 0x03220000)
 tenured generation   total 15188K, used 13249K [0x180b0000, 0x18f85000, 0x42b60000)
   the space 15188K,  87% used [0x180b0000, 0x18da0768, 0x18da0800, 0x18f85000)
 compacting perm gen  total 12288K, used 3561K [0x42b60000, 0x43760000, 0x46b60000)
   the space 12288K,  28% used [0x42b60000, 0x42eda550, 0x42eda600, 0x43760000)
No shared spaces configured.
Event: 1.854 GC heap after
Heap after GC invocations=21 (full 1):
 def new generation   total 6912K, used 768K [0x02b60000, 0x032e0000, 0x180b0000)
  eden space 6144K,   0% used [0x02b60000, 0x02b60000, 0x03160000)
  from space 768K, 100% used [0x03160000, 0x03220000, 0x03220000)
  to   space 768K,   0% used [0x03220000, 0x03220000, 0x032e0000)
 tenured generation   total 15188K, used 14411K [0x180b0000, 0x18f85000, 0x42b60000)
   the space 15188K,  94% used [0x180b0000, 0x18ec2d80, 0x18ec2e00, 0x18f85000)
 compacting perm gen  total 12288K, used 3561K [0x42b60000, 0x43760000, 0x46b60000)
   the space 12288K,  28% used [0x42b60000, 0x42eda550, 0x42eda600, 0x43760000)
No shared spaces configured.
}
Event: 11.059 GC heap before
{Heap before GC invocations=21 (full 1):
 def new generation   total 6912K, used 6912K [0x02b60000, 0x032e0000, 0x180b0000)
  eden space 6144K, 100% used [0x02b60000, 0x03160000, 0x03160000)
  from space 768K, 100% used [0x03160000, 0x03220000, 0x03220000)
  to   space 768K,   0% used [0x03220000, 0x03220000, 0x032e0000)
 tenured generation   total 15188K, used 14411K [0x180b0000, 0x18f85000, 0x42b60000)
   the space 15188K,  94% used [0x180b0000, 0x18ec2d80, 0x18ec2e00, 0x18f85000)
 compacting perm gen  total 12288K, used 3561K [0x42b60000, 0x43760000, 0x46b60000)
   the space 12288K,  28% used [0x42b60000, 0x42eda550, 0x42eda600, 0x43760000)
No shared spaces configured.

